<?xml version="1.0" encoding="UTF-8"?>
<testsuite xmlns:xsi="http://www.w3.org/2001/XMLSchema-instance" xsi:noNamespaceSchemaLocation="https://maven.apache.org/surefire/maven-surefire-plugin/xsd/surefire-test-report.xsd" name="com.test.hotelbay.CucumberTest" time="8.972" tests="36" errors="0" skipped="0" failures="0">
  <properties>
[...]
</properties>
  <testcase name="User deletes it&apos;s own account" classname="com.test.hotelbay.CucumberTest" time="6.147"/>
  <testcase name="Admin alters a guests email" classname="com.test.hotelbay.CucumberTest" time="0.19"/>
  <testcase name="User alters it&apos;s own email" classname="com.test.hotelbay.CucumberTest" time="0.049"/>
  <testcase name="User creates a new account" classname="com.test.hotelbay.CucumberTest" time="0.064"/>
  <testcase name="Admin deletes a category" classname="com.test.hotelbay.CucumberTest" time="0.158"/>
  <testcase name="Admin creates a new category" classname="com.test.hotelbay.CucumberTest" time="0.078"/>
  <testcase name="Admin alter a hotel specifications" classname="com.test.hotelbay.CucumberTest" time="0.119"/>
  <testcase name="An hotel is deactivated" classname="com.test.hotelbay.CucumberTest" time="0.071"/>
  <testcase name="An administrator delete an hotel from the system" classname="com.test.hotelbay.CucumberTest" time="0.081"/>
  <testcase name="Admin creates a new hotel" classname="com.test.hotelbay.CucumberTest" time="0.082"/>
  <testcase name="client updates payment status to successful" classname="com.test.hotelbay.CucumberTest" time="0.082"/>
  <testcase name="client makes call to POST create payment for a reservation" classname="com.test.hotelbay.CucumberTest" time="0.056"/>
  <testcase name="client makes call to PATCH fail payment for a reservation" classname="com.test.hotelbay.CucumberTest" time="0.081"/>
  <testcase name="payment status update affects reservation state" classname="com.test.hotelbay.CucumberTest" time="0.106"/>
  <testcase name="client makes call to GET payment history by reservation" classname="com.test.hotelbay.CucumberTest" time="0.066"/>
  <testcase name="client makes call to PATCH cancel a reservation" classname="com.test.hotelbay.CucumberTest" time="0.052"/>
  <testcase name="client makes call to POST create reservation" classname="com.test.hotelbay.CucumberTest" time="0.054"/>
  <testcase name="client makes call to GET reservation information" classname="com.test.hotelbay.CucumberTest" time="0.057"/>
  <testcase name="client makes call to GET reservation lifecycle states" classname="com.test.hotelbay.CucumberTest" time="0.027"/>
  <testcase name="client makes call to PUT modify an existing reservation" classname="com.test.hotelbay.CucumberTest" time="0.031"/>
  <testcase name="client makes call to GET reservation history" classname="com.test.hotelbay.CucumberTest" time="0.06"/>
  <testcase name="client makes call to POST create reservation for an already booked room" classname="com.test.hotelbay.CucumberTest" time="0.056"/>
  <testcase name="client makes call to POST create review associated with hotel and guest" classname="com.test.hotelbay.CucumberTest" time="0.035"/>
  <testcase name="client makes call to POST create review with text and rating" classname="com.test.hotelbay.CucumberTest" time="0.031"/>
  <testcase name="client makes call to POST submit review for an already reviewed reservation" classname="com.test.hotelbay.CucumberTest" time="0.034"/>
  <testcase name="client makes call to POST review with valid rating" classname="com.test.hotelbay.CucumberTest" time="0.033"/>
  <testcase name="client submits review with minimum valid rating" classname="com.test.hotelbay.CucumberTest" time="0.037"/>
  <testcase name="client submits review with maximum valid rating" classname="com.test.hotelbay.CucumberTest" time="0.034"/>
  <testcase name="client makes call to POST submit a review after stay" classname="com.test.hotelbay.CucumberTest" time="0.034"/>
  <testcase name="client makes call to update hotel rating" classname="com.test.hotelbay.CucumberTest" time="0.033"/>
  <testcase name="An administrator Alters a room&apos;s informations" classname="com.test.hotelbay.CucumberTest" time="0.108"/>
  <testcase name="An admin assigns a room to a category" classname="com.test.hotelbay.CucumberTest" time="0.097"/>
  <testcase name="An administrator creates a new room" classname="com.test.hotelbay.CucumberTest" time="0.096"/>
  <testcase name="An administrator deletes a room from the system" classname="com.test.hotelbay.CucumberTest" time="0.108"/>
  <testcase name="A user searches for a room with parameters that match an existing room" classname="com.test.hotelbay.CucumberTest" time="0.152"/>
  <testcase name="A user searches for a room with parameters that don&apos;t match any existing room" classname="com.test.hotelbay.CucumberTest" time="0.116"/>
</testsuite>